<?xml version="1.0" encoding="UTF-8"?>
<!-- Generated by org.testng.reporters.JUnitReportReporter -->
<testsuite hostname="DESKTOP-6OB3PK9" name="test.GoogleMapTest" tests="2" failures="2" timestamp="14 Mar 2021 18:09:25 GMT" time="0.010" errors="0">
  <testcase name="searchDestination" time="0.001" classname="test.GoogleMapTest">
    <failure type="org.openqa.selenium.SessionNotCreatedException" message="session not created: This version of ChromeDriver only supports Chrome version 87
Current browser version is 89.0.4389.90 with binary path C:\Program Files\Google\Chrome\Application\chrome.exe
Build info: version: &#039;3.141.59&#039;, revision: &#039;e82be7d358&#039;, time: &#039;2018-11-14T08:17:03&#039;
System info: host: &#039;DESKTOP-6OB3PK9&#039;, ip: &#039;192.168.0.105&#039;, os.name: &#039;Windows 10&#039;, os.arch: &#039;amd64&#039;, os.version: &#039;10.0&#039;, java.version: &#039;1.8.0_261&#039;
Driver info: driver.version: ChromeDriver
remote stacktrace: Backtrace:
	Ordinal0 [0x0132C0C3+3326147]
	Ordinal0 [0x01210851+2164817]
	Ordinal0 [0x01097298+619160]
	Ordinal0 [0x01011D92+73106]
	Ordinal0 [0x0100E119+57625]
	Ordinal0 [0x0100C38A+50058]
	Ordinal0 [0x01035F3E+220990]
	Ordinal0 [0x01035CAC+220332]
	Ordinal0 [0x0103189B+202907]
	Ordinal0 [0x01013DF4+81396]
	Ordinal0 [0x01014DEE+85486]
	Ordinal0 [0x01014D79+85369]
	Ordinal0 [0x012285DC+2262492]
	GetHandleVerifier [0x014B2874+1487204]
	GetHandleVerifier [0x014B23CD+1486013]
	GetHandleVerifier [0x014BA368+1518680]
	GetHandleVerifier [0x014B2F4E+1488958]
	Ordinal0 [0x0121ED0D+2223373]
	Ordinal0 [0x0122A12B+2269483]
	Ordinal0 [0x0122A26F+2269807]
	Ordinal0 [0x0123ECB8+2354360]
	BaseThreadInitThunk [0x7783FA29+25]
	RtlGetAppContainerNamedObjectPath [0x779876B4+228]
	RtlGetAppContainerNamedObjectPath [0x77987684+180]
">
      <![CDATA[org.openqa.selenium.SessionNotCreatedException: session not created: This version of ChromeDriver only supports Chrome version 87
Current browser version is 89.0.4389.90 with binary path C:\Program Files\Google\Chrome\Application\chrome.exe
Build info: version: '3.141.59', revision: 'e82be7d358', time: '2018-11-14T08:17:03'
System info: host: 'DESKTOP-6OB3PK9', ip: '192.168.0.105', os.name: 'Windows 10', os.arch: 'amd64', os.version: '10.0', java.version: '1.8.0_261'
Driver info: driver.version: ChromeDriver
remote stacktrace: Backtrace:
	Ordinal0 [0x0132C0C3+3326147]
	Ordinal0 [0x01210851+2164817]
	Ordinal0 [0x01097298+619160]
	Ordinal0 [0x01011D92+73106]
	Ordinal0 [0x0100E119+57625]
	Ordinal0 [0x0100C38A+50058]
	Ordinal0 [0x01035F3E+220990]
	Ordinal0 [0x01035CAC+220332]
	Ordinal0 [0x0103189B+202907]
	Ordinal0 [0x01013DF4+81396]
	Ordinal0 [0x01014DEE+85486]
	Ordinal0 [0x01014D79+85369]
	Ordinal0 [0x012285DC+2262492]
	GetHandleVerifier [0x014B2874+1487204]
	GetHandleVerifier [0x014B23CD+1486013]
	GetHandleVerifier [0x014BA368+1518680]
	GetHandleVerifier [0x014B2F4E+1488958]
	Ordinal0 [0x0121ED0D+2223373]
	Ordinal0 [0x0122A12B+2269483]
	Ordinal0 [0x0122A26F+2269807]
	Ordinal0 [0x0123ECB8+2354360]
	BaseThreadInitThunk [0x7783FA29+25]
	RtlGetAppContainerNamedObjectPath [0x779876B4+228]
	RtlGetAppContainerNamedObjectPath [0x77987684+180]

	at sun.reflect.NativeConstructorAccessorImpl.newInstance0(Native Method)
	at sun.reflect.NativeConstructorAccessorImpl.newInstance(NativeConstructorAccessorImpl.java:62)
	at sun.reflect.DelegatingConstructorAccessorImpl.newInstance(DelegatingConstructorAccessorImpl.java:45)
	at java.lang.reflect.Constructor.newInstance(Constructor.java:423)
	at org.openqa.selenium.remote.W3CHandshakeResponse.lambda$errorHandler$0(W3CHandshakeResponse.java:62)
	at org.openqa.selenium.remote.HandshakeResponse.lambda$getResponseFunction$0(HandshakeResponse.java:30)
	at org.openqa.selenium.remote.ProtocolHandshake.lambda$createSession$0(ProtocolHandshake.java:126)
	at java.util.stream.ReferencePipeline$3$1.accept(ReferencePipeline.java:193)
	at java.util.Spliterators$ArraySpliterator.tryAdvance(Spliterators.java:958)
	at java.util.stream.ReferencePipeline.forEachWithCancel(ReferencePipeline.java:126)
	at java.util.stream.AbstractPipeline.copyIntoWithCancel(AbstractPipeline.java:499)
	at java.util.stream.AbstractPipeline.copyInto(AbstractPipeline.java:486)
	at java.util.stream.AbstractPipeline.wrapAndCopyInto(AbstractPipeline.java:472)
	at java.util.stream.FindOps$FindOp.evaluateSequential(FindOps.java:152)
	at java.util.stream.AbstractPipeline.evaluate(AbstractPipeline.java:234)
	at java.util.stream.ReferencePipeline.findFirst(ReferencePipeline.java:464)
	at org.openqa.selenium.remote.ProtocolHandshake.createSession(ProtocolHandshake.java:128)
	at org.openqa.selenium.remote.ProtocolHandshake.createSession(ProtocolHandshake.java:74)
	at org.openqa.selenium.remote.HttpCommandExecutor.execute(HttpCommandExecutor.java:136)
	at org.openqa.selenium.remote.service.DriverCommandExecutor.execute(DriverCommandExecutor.java:83)
	at org.openqa.selenium.remote.RemoteWebDriver.execute(RemoteWebDriver.java:552)
	at org.openqa.selenium.remote.RemoteWebDriver.startSession(RemoteWebDriver.java:213)
	at org.openqa.selenium.remote.RemoteWebDriver.<init>(RemoteWebDriver.java:131)
	at org.openqa.selenium.chrome.ChromeDriver.<init>(ChromeDriver.java:181)
	at org.openqa.selenium.chrome.ChromeDriver.<init>(ChromeDriver.java:168)
	at org.openqa.selenium.chrome.ChromeDriver.<init>(ChromeDriver.java:123)
	at utility.DriverBuilder.createDriver(DriverBuilder.java:36)
	at utility.BaseTestMenthods.setup(BaseTestMenthods.java:10)
	at sun.reflect.NativeMethodAccessorImpl.invoke0(Native Method)
	at sun.reflect.NativeMethodAccessorImpl.invoke(NativeMethodAccessorImpl.java:62)
	at sun.reflect.DelegatingMethodAccessorImpl.invoke(DelegatingMethodAccessorImpl.java:43)
	at java.lang.reflect.Method.invoke(Method.java:498)
	at org.testng.internal.MethodInvocationHelper.invokeMethod(MethodInvocationHelper.java:84)
	at org.testng.internal.Invoker.invokeConfigurationMethod(Invoker.java:564)
	at org.testng.internal.Invoker.invokeConfigurations(Invoker.java:213)
	at org.testng.internal.Invoker.invokeMethod(Invoker.java:653)
	at org.testng.internal.Invoker.invokeTestMethod(Invoker.java:901)
	at org.testng.internal.Invoker.invokeTestMethods(Invoker.java:1231)
	at org.testng.internal.TestMethodWorker.invokeTestMethods(TestMethodWorker.java:127)
	at org.testng.internal.TestMethodWorker.run(TestMethodWorker.java:111)
	at org.testng.TestRunner.privateRun(TestRunner.java:767)
	at org.testng.TestRunner.run(TestRunner.java:617)
	at org.testng.SuiteRunner.runTest(SuiteRunner.java:334)
	at org.testng.SuiteRunner.runSequentially(SuiteRunner.java:329)
	at org.testng.SuiteRunner.privateRun(SuiteRunner.java:291)
	at org.testng.SuiteRunner.run(SuiteRunner.java:240)
	at org.testng.SuiteRunnerWorker.runSuite(SuiteRunnerWorker.java:52)
	at org.testng.SuiteRunnerWorker.run(SuiteRunnerWorker.java:86)
	at org.testng.TestNG.runSuitesSequentially(TestNG.java:1224)
	at org.testng.TestNG.runSuitesLocally(TestNG.java:1149)
	at org.testng.TestNG.run(TestNG.java:1057)
	at org.testng.remote.AbstractRemoteTestNG.run(AbstractRemoteTestNG.java:115)
	at org.testng.remote.RemoteTestNG.initAndRun(RemoteTestNG.java:251)
	at org.testng.remote.RemoteTestNG.main(RemoteTestNG.java:77)
]]>
    </failure>
  </testcase> <!-- searchDestination -->
  <testcase name="searchDestination" time="0.009" classname="test.GoogleMapTest">
    <failure type="org.openqa.selenium.SessionNotCreatedException" message="session not created: This version of ChromeDriver only supports Chrome version 87
Current browser version is 89.0.4389.90 with binary path C:\Program Files\Google\Chrome\Application\chrome.exe
Build info: version: &#039;3.141.59&#039;, revision: &#039;e82be7d358&#039;, time: &#039;2018-11-14T08:17:03&#039;
System info: host: &#039;DESKTOP-6OB3PK9&#039;, ip: &#039;192.168.0.105&#039;, os.name: &#039;Windows 10&#039;, os.arch: &#039;amd64&#039;, os.version: &#039;10.0&#039;, java.version: &#039;1.8.0_261&#039;
Driver info: driver.version: ChromeDriver
remote stacktrace: Backtrace:
	Ordinal0 [0x0132C0C3+3326147]
	Ordinal0 [0x01210851+2164817]
	Ordinal0 [0x01097298+619160]
	Ordinal0 [0x01011D92+73106]
	Ordinal0 [0x0100E119+57625]
	Ordinal0 [0x0100C38A+50058]
	Ordinal0 [0x01035F3E+220990]
	Ordinal0 [0x01035CAC+220332]
	Ordinal0 [0x0103189B+202907]
	Ordinal0 [0x01013DF4+81396]
	Ordinal0 [0x01014DEE+85486]
	Ordinal0 [0x01014D79+85369]
	Ordinal0 [0x012285DC+2262492]
	GetHandleVerifier [0x014B2874+1487204]
	GetHandleVerifier [0x014B23CD+1486013]
	GetHandleVerifier [0x014BA368+1518680]
	GetHandleVerifier [0x014B2F4E+1488958]
	Ordinal0 [0x0121ED0D+2223373]
	Ordinal0 [0x0122A12B+2269483]
	Ordinal0 [0x0122A26F+2269807]
	Ordinal0 [0x0123ECB8+2354360]
	BaseThreadInitThunk [0x7783FA29+25]
	RtlGetAppContainerNamedObjectPath [0x779876B4+228]
	RtlGetAppContainerNamedObjectPath [0x77987684+180]
">
      <![CDATA[org.openqa.selenium.SessionNotCreatedException: session not created: This version of ChromeDriver only supports Chrome version 87
Current browser version is 89.0.4389.90 with binary path C:\Program Files\Google\Chrome\Application\chrome.exe
Build info: version: '3.141.59', revision: 'e82be7d358', time: '2018-11-14T08:17:03'
System info: host: 'DESKTOP-6OB3PK9', ip: '192.168.0.105', os.name: 'Windows 10', os.arch: 'amd64', os.version: '10.0', java.version: '1.8.0_261'
Driver info: driver.version: ChromeDriver
remote stacktrace: Backtrace:
	Ordinal0 [0x0132C0C3+3326147]
	Ordinal0 [0x01210851+2164817]
	Ordinal0 [0x01097298+619160]
	Ordinal0 [0x01011D92+73106]
	Ordinal0 [0x0100E119+57625]
	Ordinal0 [0x0100C38A+50058]
	Ordinal0 [0x01035F3E+220990]
	Ordinal0 [0x01035CAC+220332]
	Ordinal0 [0x0103189B+202907]
	Ordinal0 [0x01013DF4+81396]
	Ordinal0 [0x01014DEE+85486]
	Ordinal0 [0x01014D79+85369]
	Ordinal0 [0x012285DC+2262492]
	GetHandleVerifier [0x014B2874+1487204]
	GetHandleVerifier [0x014B23CD+1486013]
	GetHandleVerifier [0x014BA368+1518680]
	GetHandleVerifier [0x014B2F4E+1488958]
	Ordinal0 [0x0121ED0D+2223373]
	Ordinal0 [0x0122A12B+2269483]
	Ordinal0 [0x0122A26F+2269807]
	Ordinal0 [0x0123ECB8+2354360]
	BaseThreadInitThunk [0x7783FA29+25]
	RtlGetAppContainerNamedObjectPath [0x779876B4+228]
	RtlGetAppContainerNamedObjectPath [0x77987684+180]

	at sun.reflect.NativeConstructorAccessorImpl.newInstance0(Native Method)
	at sun.reflect.NativeConstructorAccessorImpl.newInstance(NativeConstructorAccessorImpl.java:62)
	at sun.reflect.DelegatingConstructorAccessorImpl.newInstance(DelegatingConstructorAccessorImpl.java:45)
	at java.lang.reflect.Constructor.newInstance(Constructor.java:423)
	at org.openqa.selenium.remote.W3CHandshakeResponse.lambda$errorHandler$0(W3CHandshakeResponse.java:62)
	at org.openqa.selenium.remote.HandshakeResponse.lambda$getResponseFunction$0(HandshakeResponse.java:30)
	at org.openqa.selenium.remote.ProtocolHandshake.lambda$createSession$0(ProtocolHandshake.java:126)
	at java.util.stream.ReferencePipeline$3$1.accept(ReferencePipeline.java:193)
	at java.util.Spliterators$ArraySpliterator.tryAdvance(Spliterators.java:958)
	at java.util.stream.ReferencePipeline.forEachWithCancel(ReferencePipeline.java:126)
	at java.util.stream.AbstractPipeline.copyIntoWithCancel(AbstractPipeline.java:499)
	at java.util.stream.AbstractPipeline.copyInto(AbstractPipeline.java:486)
	at java.util.stream.AbstractPipeline.wrapAndCopyInto(AbstractPipeline.java:472)
	at java.util.stream.FindOps$FindOp.evaluateSequential(FindOps.java:152)
	at java.util.stream.AbstractPipeline.evaluate(AbstractPipeline.java:234)
	at java.util.stream.ReferencePipeline.findFirst(ReferencePipeline.java:464)
	at org.openqa.selenium.remote.ProtocolHandshake.createSession(ProtocolHandshake.java:128)
	at org.openqa.selenium.remote.ProtocolHandshake.createSession(ProtocolHandshake.java:74)
	at org.openqa.selenium.remote.HttpCommandExecutor.execute(HttpCommandExecutor.java:136)
	at org.openqa.selenium.remote.service.DriverCommandExecutor.execute(DriverCommandExecutor.java:83)
	at org.openqa.selenium.remote.RemoteWebDriver.execute(RemoteWebDriver.java:552)
	at org.openqa.selenium.remote.RemoteWebDriver.startSession(RemoteWebDriver.java:213)
	at org.openqa.selenium.remote.RemoteWebDriver.<init>(RemoteWebDriver.java:131)
	at org.openqa.selenium.chrome.ChromeDriver.<init>(ChromeDriver.java:181)
	at org.openqa.selenium.chrome.ChromeDriver.<init>(ChromeDriver.java:168)
	at org.openqa.selenium.chrome.ChromeDriver.<init>(ChromeDriver.java:123)
	at utility.DriverBuilder.createDriver(DriverBuilder.java:36)
	at utility.BaseTestMenthods.setup(BaseTestMenthods.java:10)
	at sun.reflect.NativeMethodAccessorImpl.invoke0(Native Method)
	at sun.reflect.NativeMethodAccessorImpl.invoke(NativeMethodAccessorImpl.java:62)
	at sun.reflect.DelegatingMethodAccessorImpl.invoke(DelegatingMethodAccessorImpl.java:43)
	at java.lang.reflect.Method.invoke(Method.java:498)
	at org.testng.internal.MethodInvocationHelper.invokeMethod(MethodInvocationHelper.java:84)
	at org.testng.internal.Invoker.invokeConfigurationMethod(Invoker.java:564)
	at org.testng.internal.Invoker.invokeConfigurations(Invoker.java:213)
	at org.testng.internal.Invoker.invokeMethod(Invoker.java:653)
	at org.testng.internal.Invoker.invokeTestMethod(Invoker.java:901)
	at org.testng.internal.Invoker.invokeTestMethods(Invoker.java:1231)
	at org.testng.internal.TestMethodWorker.invokeTestMethods(TestMethodWorker.java:127)
	at org.testng.internal.TestMethodWorker.run(TestMethodWorker.java:111)
	at org.testng.TestRunner.privateRun(TestRunner.java:767)
	at org.testng.TestRunner.run(TestRunner.java:617)
	at org.testng.SuiteRunner.runTest(SuiteRunner.java:334)
	at org.testng.SuiteRunner.runSequentially(SuiteRunner.java:329)
	at org.testng.SuiteRunner.privateRun(SuiteRunner.java:291)
	at org.testng.SuiteRunner.run(SuiteRunner.java:240)
	at org.testng.SuiteRunnerWorker.runSuite(SuiteRunnerWorker.java:52)
	at org.testng.SuiteRunnerWorker.run(SuiteRunnerWorker.java:86)
	at org.testng.TestNG.runSuitesSequentially(TestNG.java:1224)
	at org.testng.TestNG.runSuitesLocally(TestNG.java:1149)
	at org.testng.TestNG.run(TestNG.java:1057)
	at org.testng.remote.AbstractRemoteTestNG.run(AbstractRemoteTestNG.java:115)
	at org.testng.remote.RemoteTestNG.initAndRun(RemoteTestNG.java:251)
	at org.testng.remote.RemoteTestNG.main(RemoteTestNG.java:77)
]]>
    </failure>
  </testcase> <!-- searchDestination -->
</testsuite> <!-- test.GoogleMapTest -->
